<?xml version="1.0" encoding="UTF-8"?>
<testsuite xmlns:xsi="http://www.w3.org/2001/XMLSchema-instance" xsi:schemaLocation="https://maven.apache.org/surefire/maven-surefire-plugin/xsd/surefire-test-report.xsd" name="uk.gov.justice.raml.jaxrs.core.DefaultGenerator_ResourceMethodBodyTest" time="1.493" tests="9" errors="0" skipped="0" failures="0">
  <properties>
[...]
</properties>
  <testcase name="shouldPassMapWithOnePathParamToRestProcessorWhenInvocing2ndMethod" classname="uk.gov.justice.raml.jaxrs.core.DefaultGenerator_ResourceMethodBodyTest" time="0.367"/>
  <testcase name="shouldFailIfInvalidMediaType" classname="uk.gov.justice.raml.jaxrs.core.DefaultGenerator_ResourceMethodBodyTest" time="0.014"/>
  <testcase name="shouldFailIfRamlInvalid" classname="uk.gov.justice.raml.jaxrs.core.DefaultGenerator_ResourceMethodBodyTest" time="0.004"/>
  <testcase name="shouldCallDispatcher" classname="uk.gov.justice.raml.jaxrs.core.DefaultGenerator_ResourceMethodBodyTest" time="0.167"/>
  <testcase name="shouldReturnResponseGeneratedByRestProcessor" classname="uk.gov.justice.raml.jaxrs.core.DefaultGenerator_ResourceMethodBodyTest" time="0.199"/>
  <testcase name="shouldPassHttpHeadersToRestProcessor" classname="uk.gov.justice.raml.jaxrs.core.DefaultGenerator_ResourceMethodBodyTest" time="0.209"/>
  <testcase name="shouldPassMapWithOnePathParamToRestProcessor" classname="uk.gov.justice.raml.jaxrs.core.DefaultGenerator_ResourceMethodBodyTest" time="0.167"/>
  <testcase name="shouldPassMapWithTwoPathParamsToRestProcessor" classname="uk.gov.justice.raml.jaxrs.core.DefaultGenerator_ResourceMethodBodyTest" time="0.169"/>
  <testcase name="shouldPassJsonObjectToRestProcessor" classname="uk.gov.justice.raml.jaxrs.core.DefaultGenerator_ResourceMethodBodyTest" time="0.157"/>
</testsuite>